[0m02:46:24.316369 [debug] [MainThread]: Sending event: {'category': 'dbt', 'action': 'invocation', 'label': 'start', 'context': [<snowplow_tracker.self_describing_json.SelfDescribingJson object at 0x0000015BCCDF0150>, <snowplow_tracker.self_describing_json.SelfDescribingJson object at 0x0000015BCCDF3B90>, <snowplow_tracker.self_describing_json.SelfDescribingJson object at 0x0000015BCCDF3C10>]}


============================== 02:46:24.325374 | b5d9682d-0e5b-444d-885d-8f6917fa31cd ==============================
[0m02:46:24.325374 [info ] [MainThread]: Running with dbt=1.11.6
[0m02:46:24.327371 [debug] [MainThread]: running dbt with arguments {'version_check': 'True', 'no_print': 'None', 'static_parser': 'True', 'target_path': 'None', 'warn_error_options': 'WarnErrorOptionsV2(error=[], warn=[], silence=[])', 'printer_width': '80', 'write_json': 'True', 'introspect': 'True', 'log_cache_events': 'False', 'empty': 'None', 'cache_selected_only': 'False', 'log_format': 'default', 'debug': 'False', 'fail_fast': 'False', 'profiles_dir': 'C:\\Users\\akshi\\.dbt', 'send_anonymous_usage_stats': 'True', 'quiet': 'False', 'warn_error': 'None', 'partial_parse': 'True', 'indirect_selection': 'eager', 'invocation_command': 'dbt init ab_testing_platform', 'use_colors': 'True', 'use_experimental_parser': 'False', 'log_path': 'logs'}
[0m02:46:24.358403 [debug] [MainThread]: Starter project path: C:\Users\akshi\olist_project\.venv\Lib\site-packages\dbt\include\starter_project
[0m02:46:24.474426 [info ] [MainThread]: 
Your new dbt project "ab_testing_platform" was created!

For more information on how to configure the profiles.yml file,
please consult the dbt documentation here:

  https://docs.getdbt.com/docs/configure-your-profile

One more thing:

Need help? Don't hesitate to reach out to us via GitHub issues or on Slack:

  https://community.getdbt.com/

Happy modeling!

[0m02:46:24.475413 [info ] [MainThread]: Setting up your profile.
[0m02:46:36.900862 [debug] [MainThread]: Spark adapter: Setting pyhive.hive logging to ERROR
[0m02:46:36.902853 [debug] [MainThread]: Spark adapter: Setting thrift.transport logging to ERROR
[0m02:46:36.903861 [debug] [MainThread]: Spark adapter: Setting thrift.protocol logging to ERROR
[0m02:56:09.249598 [info ] [MainThread]: Profile ab_testing_platform written to C:\Users\akshi\.dbt\profiles.yml using target's profile_template.yml and your supplied values. Run 'dbt debug' to validate the connection.
[0m02:56:09.251491 [debug] [MainThread]: Command `dbt init` succeeded at 02:56:09.251491 after 585.08 seconds
[0m02:56:09.253490 [debug] [MainThread]: Sending event: {'category': 'dbt', 'action': 'invocation', 'label': 'end', 'context': [<snowplow_tracker.self_describing_json.SelfDescribingJson object at 0x0000015BCCDF9D90>, <snowplow_tracker.self_describing_json.SelfDescribingJson object at 0x0000015BCDE23D10>, <snowplow_tracker.self_describing_json.SelfDescribingJson object at 0x0000015BCDE23B50>]}
[0m02:56:09.254496 [debug] [MainThread]: Flushing usage events
[0m02:56:11.086834 [debug] [MainThread]: An error was encountered while trying to flush usage events
[0m02:56:19.884928 [debug] [MainThread]: Sending event: {'category': 'dbt', 'action': 'invocation', 'label': 'start', 'context': [<snowplow_tracker.self_describing_json.SelfDescribingJson object at 0x00000224BF2BA9D0>, <snowplow_tracker.self_describing_json.SelfDescribingJson object at 0x00000224BC1CFAD0>, <snowplow_tracker.self_describing_json.SelfDescribingJson object at 0x00000224BE36A6D0>]}


============================== 02:56:19.894023 | 76f6015c-084a-4c8e-a205-5ab197b047fb ==============================
[0m02:56:19.894023 [info ] [MainThread]: Running with dbt=1.11.6
[0m02:56:19.895925 [debug] [MainThread]: running dbt with arguments {'version_check': 'True', 'no_print': 'None', 'static_parser': 'True', 'target_path': 'None', 'warn_error_options': 'WarnErrorOptionsV2(error=[], warn=[], silence=[])', 'printer_width': '80', 'write_json': 'True', 'introspect': 'True', 'log_cache_events': 'False', 'empty': 'False', 'cache_selected_only': 'False', 'fail_fast': 'False', 'debug': 'False', 'log_format': 'default', 'partial_parse': 'True', 'send_anonymous_usage_stats': 'True', 'quiet': 'False', 'warn_error': 'None', 'profiles_dir': 'C:\\Users\\akshi\\.dbt', 'indirect_selection': 'eager', 'invocation_command': 'dbt run', 'use_colors': 'True', 'use_experimental_parser': 'False', 'log_path': 'logs'}
[0m02:56:19.897035 [error] [MainThread]: Encountered an error:
Runtime Error
  No dbt_project.yml found at expected path C:\Users\akshi\AI-Powerd AB Testing & Feature Impact Analytics Platform\dbt_project.yml
  Verify that each entry within packages.yml (and their transitive dependencies) contains a file named dbt_project.yml
  
[0m02:56:19.900933 [debug] [MainThread]: Command `dbt run` failed at 02:56:19.899990 after 0.22 seconds
[0m02:56:19.901945 [debug] [MainThread]: Sending event: {'category': 'dbt', 'action': 'invocation', 'label': 'end', 'context': [<snowplow_tracker.self_describing_json.SelfDescribingJson object at 0x00000224BF053C50>, <snowplow_tracker.self_describing_json.SelfDescribingJson object at 0x00000224BF053C10>, <snowplow_tracker.self_describing_json.SelfDescribingJson object at 0x00000224BF053990>]}
[0m02:56:19.902936 [debug] [MainThread]: Flushing usage events
[0m02:56:21.825459 [debug] [MainThread]: An error was encountered while trying to flush usage events
